<?xml version="1.0" encoding="UTF-8"?>
<testsuite xmlns:xsi="http://www.w3.org/2001/XMLSchema-instance" xsi:noNamespaceSchemaLocation="https://maven.apache.org/surefire/maven-surefire-plugin/xsd/surefire-test-report-3.0.xsd" version="3.0" name="com.example.demo.AttendanceCalculatorApplicationTests" time="6.293" tests="1" errors="0" skipped="0" failures="0">
  <properties>
[...]
</properties>
  <testcase name="contextLoads" classname="com.example.demo.AttendanceCalculatorApplicationTests" time="3.502">
    <system-out><![CDATA[15:02:04.481 [main] INFO org.springframework.test.context.support.AnnotationConfigContextLoaderUtils -- Could not detect default configuration classes for test class [com.example.demo.AttendanceCalculatorApplicationTests]: AttendanceCalculatorApplicationTests does not declare any static, non-private, non-final, nested classes annotated with @Configuration.
15:02:04.604 [main] INFO org.springframework.boot.test.context.SpringBootTestContextBootstrapper -- Found @SpringBootConfiguration com.example.demo.AttendanceCalculatorApplication for test class com.example.demo.AttendanceCalculatorApplicationTests

  .   ____          _            __ _ _
 /\\ / ___'_ __ _ _(_)_ __  __ _ \ \ \ \
( ( )\___ | '_ | '_| | '_ \/ _` | \ \ \ \
 \\/  ___)| |_)| | | | | || (_| |  ) ) ) )
  '  |____| .__|_| |_|_| |_\__, | / / / /
 =========|_|==============|___/=/_/_/_/
 :: Spring Boot ::                (v3.2.2)

2024-02-20T15:02:05.075+05:30  INFO 45580 --- [           main] e.d.AttendanceCalculatorApplicationTests : Starting AttendanceCalculatorApplicationTests using Java 17.0.7 with PID 45580 (started by garla in C:\Users\garla\OneDrive\Desktop\project\demo)
2024-02-20T15:02:05.077+05:30  INFO 45580 --- [           main] e.d.AttendanceCalculatorApplicationTests : No active profile set, falling back to 1 default profile: "default"
2024-02-20T15:02:06.718+05:30  INFO 45580 --- [           main] o.s.b.a.w.s.WelcomePageHandlerMapping    : Adding welcome page template: index
2024-02-20T15:02:07.047+05:30  INFO 45580 --- [           main] e.d.AttendanceCalculatorApplicationTests : Started AttendanceCalculatorApplicationTests in 2.26 seconds (process running for 3.529)
]]></system-out>
  </testcase>
</testsuite>